find: warning: you have specified the global option -maxdepth after the argument -type, but global options are not positional, i.e., -maxdepth affects tests specified before it as well as those specified after it.  Please specify global options before other arguments.
.
./.git
./.git/hooks
./.git/info
./.git/logs
./.git/objects
./.git/refs
./.vscode
./backend
./backend/config
./backend/middleware
./backend/models
./backend/node_modules
./backend/routes
./backend/uploads
./Calmwave_Api
./frontend
./frontend/node_modules
./frontend/public
./frontend/src
