
> backend@1.0.0 test
> jest

FAIL tests/moodLog.test.js
  â— Test suite failed to run

    TypeError: Cannot set properties of undefined (setting 'matchPassword')

    [0m [90m 40 |[39m
     [90m 41 |[39m [90m// Compare entered password with hashed password[39m
    [31m[1m>[22m[39m[90m 42 |[39m userSchema[33m.[39mmethods[33m.[39mmatchPassword [33m=[39m [36masync[39m [36mfunction[39m (enteredPassword) {
     [90m    |[39m                                 [31m[1m^[22m[39m
     [90m 43 |[39m   [36mif[39m ([33m![39m[36mthis[39m[33m.[39mpassword) [36mreturn[39m [36mfalse[39m[33m;[39m
     [90m 44 |[39m   [36mreturn[39m [36mawait[39m bcrypt[33m.[39mcompare(enteredPassword[33m,[39m [36mthis[39m[33m.[39mpassword)[33m;[39m
     [90m 45 |[39m }[33m;[39m[0m

      at Object.<anonymous> (models/User.js:42:33)
      at Object.require (tests/moodLog.test.js:3:14)

----------|---------|----------|---------|---------|-------------------
File      | % Stmts | % Branch | % Funcs | % Lines | Uncovered Line #s 
----------|---------|----------|---------|---------|-------------------
All files |       0 |        0 |       0 |       0 |                   
----------|---------|----------|---------|---------|-------------------
Test Suites: 1 failed, 1 total
Tests:       0 total
Snapshots:   0 total
Time:        1.878 s
Ran all test suites.
