find: warning: you have specified the global option -maxdepth after the argument -type, but global options are not positional, i.e., -maxdepth affects tests specified before it as well as those specified after it.  Please specify global options before other arguments.
c:/Users/chitt/OneDrive/Desktop/S63_Priyanshi_Capstone_CalmWave
c:/Users/chitt/OneDrive/Desktop/S63_Priyanshi_Capstone_CalmWave/.git
c:/Users/chitt/OneDrive/Desktop/S63_Priyanshi_Capstone_CalmWave/.git/hooks
c:/Users/chitt/OneDrive/Desktop/S63_Priyanshi_Capstone_CalmWave/.git/info
c:/Users/chitt/OneDrive/Desktop/S63_Priyanshi_Capstone_CalmWave/.git/logs
c:/Users/chitt/OneDrive/Desktop/S63_Priyanshi_Capstone_CalmWave/.git/objects
c:/Users/chitt/OneDrive/Desktop/S63_Priyanshi_Capstone_CalmWave/.git/refs
c:/Users/chitt/OneDrive/Desktop/S63_Priyanshi_Capstone_CalmWave/.vscode
c:/Users/chitt/OneDrive/Desktop/S63_Priyanshi_Capstone_CalmWave/backend
c:/Users/chitt/OneDrive/Desktop/S63_Priyanshi_Capstone_CalmWave/backend/config
c:/Users/chitt/OneDrive/Desktop/S63_Priyanshi_Capstone_CalmWave/backend/middleware
c:/Users/chitt/OneDrive/Desktop/S63_Priyanshi_Capstone_CalmWave/backend/models
c:/Users/chitt/OneDrive/Desktop/S63_Priyanshi_Capstone_CalmWave/backend/node_modules
c:/Users/chitt/OneDrive/Desktop/S63_Priyanshi_Capstone_CalmWave/backend/routes
c:/Users/chitt/OneDrive/Desktop/S63_Priyanshi_Capstone_CalmWave/backend/uploads
c:/Users/chitt/OneDrive/Desktop/S63_Priyanshi_Capstone_CalmWave/Calmwave_Api
c:/Users/chitt/OneDrive/Desktop/S63_Priyanshi_Capstone_CalmWave/frontend
c:/Users/chitt/OneDrive/Desktop/S63_Priyanshi_Capstone_CalmWave/frontend/node_modules
c:/Users/chitt/OneDrive/Desktop/S63_Priyanshi_Capstone_CalmWave/frontend/public
c:/Users/chitt/OneDrive/Desktop/S63_Priyanshi_Capstone_CalmWave/frontend/src
