total 97
drwxr-xr-x 1 chitt 197609    0 May 20 15:48 ./
drwxr-xr-x 1 chitt 197609    0 May 20 10:42 ../
drwxr-xr-x 1 chitt 197609    0 May 20 15:27 .git/
drwxr-xr-x 1 chitt 197609    0 May 12 13:53 .vscode/
drwxr-xr-x 1 chitt 197609    0 May 18 15:55 backend/
-rw-r--r-- 1 chitt 197609 1819 May 18 15:55 C:UserschittAppDataLocalTemp04411c20-3962-4077-8e0e-a4105a22aa21.log
-rw-r--r-- 1 chitt 197609    0 May 12 13:43 C:UserschittAppDataLocalTemp16879499-8ea1-4835-89a5-823c0c7de032.log
-rw-r--r-- 1 chitt 197609  244 May 12 13:43 C:UserschittAppDataLocalTemp1a56bd0b-e432-4ce7-b7e1-b61e8842b87f.log
-rw-r--r-- 1 chitt 197609    0 May 20 15:48 C:UserschittAppDataLocalTemp7d6bacf2-1283-4644-89fc-8f62e1b328e9.log
-rw-r--r-- 1 chitt 197609  688 May 18 15:55 C:UserschittAppDataLocalTemp82e9d365-db29-4dd1-8015-ac0a199dd683.log
-rw-r--r-- 1 chitt 197609  247 May 18 15:55 C:UserschittAppDataLocalTemp8c7b333d-f089-4252-9f03-f55d06955b57.log
-rw-r--r-- 1 chitt 197609  415 May 12 13:43 C:UserschittAppDataLocalTempa1694e41-d87e-4c58-8020-d33632468314.log
-rw-r--r-- 1 chitt 197609 1273 May 12 13:43 C:UserschittAppDataLocalTempa840538e-7188-4b47-978c-1de8c48464a4.log
-rw-r--r-- 1 chitt 197609 1291 May 18 15:55 C:UserschittAppDataLocalTempaf87c009-168d-4146-95dc-1ed5fa665103.log
-rw-r--r-- 1 chitt 197609    0 May 12 13:43 C:UserschittAppDataLocalTempd1cf2c2d-a497-48e5-b678-18452fe6fe1b.log
-rw-r--r-- 1 chitt 197609  247 May 18 15:55 C:UserschittAppDataLocalTempd8e92de7-df91-4a3a-ad7b-973ee6fccc8d.log
-rw-r--r-- 1 chitt 197609  608 May 18 15:55 C:UserschittAppDataLocalTempe27af1f8-e22d-490b-8ac2-fa07891ff3c3.log
drwxr-xr-x 1 chitt 197609    0 May 16 23:05 Calmwave_Api/
drwxr-xr-x 1 chitt 197609    0 May 18 15:55 frontend/
-rw-r--r-- 1 chitt 197609  123 May 12 13:43 netlify.toml
-rw-r--r-- 1 chitt 197609 2687 May 18 15:55 README.md
